<?xml version="1.0" encoding="UTF-8"?>
<testng-results ignored="0" total="3" passed="3" failed="0" skipped="0">
  <reporter-output>
  </reporter-output>
  <suite started-at="2022-09-19T13:30:10 IST" name="Default suite" finished-at="2022-09-19T13:30:34 IST" duration-ms="24803">
    <groups>
    </groups>
    <test started-at="2022-09-19T13:30:10 IST" name="Default test" finished-at="2022-09-19T13:30:34 IST" duration-ms="24803">
      <class name="com.SwagLab.Test.CheckoutPageTest">
        <test-method is-config="true" signature="setup()[pri:0, instance:com.SwagLab.Test.CheckoutPageTest@1fa268de]" started-at="2022-09-19T13:30:10 IST" name="setup" finished-at="2022-09-19T13:30:21 IST" duration-ms="11104" status="PASS">
          <reporter-output>
          </reporter-output>
        </test-method> <!-- setup -->
        <test-method is-config="true" signature="pageSetup()[pri:0, instance:com.SwagLab.Test.CheckoutPageTest@1fa268de]" started-at="2022-09-19T13:30:21 IST" name="pageSetup" finished-at="2022-09-19T13:30:28 IST" duration-ms="7175" status="PASS">
          <reporter-output>
          </reporter-output>
        </test-method> <!-- pageSetup -->
        <test-method signature="docompleteCheckout()[pri:1, instance:com.SwagLab.Test.CheckoutPageTest@1fa268de]" started-at="2022-09-19T13:30:28 IST" name="docompleteCheckout" finished-at="2022-09-19T13:30:29 IST" duration-ms="940" status="PASS">
          <reporter-output>
          </reporter-output>
        </test-method> <!-- docompleteCheckout -->
        <test-method signature="gotoDescription()[pri:2, instance:com.SwagLab.Test.CheckoutPageTest@1fa268de]" started-at="2022-09-19T13:30:29 IST" name="gotoDescription" finished-at="2022-09-19T13:30:29 IST" duration-ms="124" status="PASS">
          <reporter-output>
          </reporter-output>
        </test-method> <!-- gotoDescription -->
        <test-method signature="resultTest()[pri:3, instance:com.SwagLab.Test.CheckoutPageTest@1fa268de]" started-at="2022-09-19T13:30:29 IST" name="resultTest" finished-at="2022-09-19T13:30:29 IST" duration-ms="56" status="PASS">
          <reporter-output>
          </reporter-output>
        </test-method> <!-- resultTest -->
        <test-method is-config="true" signature="TearDown()[pri:0, instance:com.SwagLab.Test.CheckoutPageTest@1fa268de]" started-at="2022-09-19T13:30:29 IST" name="TearDown" finished-at="2022-09-19T13:30:34 IST" duration-ms="5313" status="PASS">
          <reporter-output>
          </reporter-output>
        </test-method> <!-- TearDown -->
      </class> <!-- com.SwagLab.Test.CheckoutPageTest -->
    </test> <!-- Default test -->
  </suite> <!-- Default suite -->
</testng-results>
