<?xml version="1.0" encoding="UTF-8"?>
<!-- Generated by org.testng.reporters.JUnitXMLReporter -->
<testsuite ignored="0" hostname="LAPTOP-P40ORJNQ" failures="0" tests="3" name="Default test" time="24.803" errors="0" timestamp="2022-09-19T13:30:35 IST">
  <testcase classname="com.SwagLab.Test.CheckoutPageTest" name="docompleteCheckout" time="0.94"/>
  <testcase classname="com.SwagLab.Test.CheckoutPageTest" name="gotoDescription" time="0.124"/>
  <testcase classname="com.SwagLab.Test.CheckoutPageTest" name="resultTest" time="0.056"/>
</testsuite> <!-- Default test -->
